#
# There is insufficient memory for the Java Runtime Environment to continue.
# Native memory allocation (malloc) failed to allocate 2097152 bytes for AllocateHeap
# Possible reasons:
#   The system is out of physical RAM or swap space
#   The process is running with CompressedOops enabled, and the Java Heap may be blocking the growth of the native heap
# Possible solutions:
#   Reduce memory load on the system
#   Increase physical memory or swap space
#   Check if swap backing store is full
#   Decrease Java heap size (-Xmx/-Xms)
#   Decrease number of Java threads
#   Decrease Java thread stack sizes (-Xss)
#   Set larger code cache with -XX:ReservedCodeCacheSize=
#   JVM is running with Unscaled Compressed Oops mode in which the Java heap is
#     placed in the first 4GB address space. The Java Heap base address is the
#     maximum limit for the native heap growth. Please use -XX:HeapBaseMinAddress
#     to set the Java Heap base and to place the Java Heap above 4GB virtual address.
# This output file may be truncated or incomplete.
#
#  Out of Memory Error (allocation.cpp:44), pid=12004, tid=12120
#
# JRE version: OpenJDK Runtime Environment Temurin-17.0.10+7 (17.0.10+7) (build 17.0.10+7)
# Java VM: OpenJDK 64-Bit Server VM Temurin-17.0.10+7 (17.0.10+7, mixed mode, emulated-client, tiered, compressed oops, compressed class ptrs, g1 gc, windows-amd64)
# No core dump will be written. Minidumps are not enabled by default on client versions of Windows
#

---------------  S U M M A R Y ------------

Command Line: -XX:+HeapDumpOnOutOfMemoryError -Xmx1024m -Dsts.lsp.client=vscode -Dsts.log.file=/dev/null -XX:TieredStopAtLevel=1 -Xlog:jni+resolve=off -Dspring.config.location=file:c:\Users\HP\.vscode\extensions\vmware.vscode-spring-boot-1.53.0\language-server\BOOT-INF\classes\application.properties org.springframework.ide.vscode.boot.app.BootLanguageServerBootApp

Host: AMD Ryzen 5 4500U with Radeon Graphics         , 6 cores, 7G,  Windows 11 , 64 bit Build 22621 (10.0.22621.3374)
Time: Mon Apr 22 10:15:21 2024 India Standard Time elapsed time: 1191.788420 seconds (0d 0h 19m 51s)

---------------  T H R E A D  ---------------

Current thread (0x000001c73c98ec80):  VMThread "VM Thread" [stack: 0x000000ae83400000,0x000000ae83500000] [id=12120]

Stack: [0x000000ae83400000,0x000000ae83500000]
Native frames: (J=compiled Java code, j=interpreted, Vv=VM code, C=native code)
V  [jvm.dll+0x67d2c9]
V  [jvm.dll+0x834afa]
V  [jvm.dll+0x8365be]
V  [jvm.dll+0x836c23]
V  [jvm.dll+0x2477ff]
V  [jvm.dll+0xa6c93]
V  [jvm.dll+0x2f86f1]
V  [jvm.dll+0x2f42e0]
V  [jvm.dll+0x2dc8c7]
V  [jvm.dll+0x31fb87]
V  [jvm.dll+0x83b11b]
V  [jvm.dll+0x83be61]
V  [jvm.dll+0x83c37d]
V  [jvm.dll+0x83c754]
V  [jvm.dll+0x83c820]
V  [jvm.dll+0x7e3fba]
V  [jvm.dll+0x67c1b5]
C  [ucrtbase.dll+0x29333]
C  [KERNEL32.DLL+0x1257d]
C  [ntdll.dll+0x5aa48]

VM_Operation (0x000000ae849fedb0): G1CollectFull, mode: safepoint, requested by thread 0x000001c74235c850


---------------  P R O C E S S  ---------------

Threads class SMR info:
_java_thread_list=0x000001c74b01dbf0, length=47, elements={
0x000001c73c9d5380, 0x000001c73c9d6920, 0x000001c73ca0e010, 0x000001c73ca10cb0,
0x000001c73ca11580, 0x000001c73cb7a4d0, 0x000001c73cb7ada0, 0x000001c73cb7b6b0,
0x000001c73cd6a0c0, 0x000001c73cd6d860, 0x000001c742277360, 0x000001c74235c850,
0x000001c74235cd30, 0x000001c730049060, 0x000001c7420eec70, 0x000001c742531680,
0x000001c742544a40, 0x000001c742544020, 0x000001c742544f50, 0x000001c742543b10,
0x000001c742543600, 0x000001c7425c8470, 0x000001c7425cb710, 0x000001c7425ca2d0,
0x000001c7425c6610, 0x000001c7425c93a0, 0x000001c7425cbc20, 0x000001c7425c98b0,
0x000001c7425cc130, 0x000001c7425cc640, 0x000001c7425cd060, 0x000001c7425c6100,
0x000001c7425cda80, 0x000001c7425c7a50, 0x000001c7425c8980, 0x000001c7425c7540,
0x000001c7425c8e90, 0x000001c742544530, 0x000001c74ae99320, 0x000001c74ae979d0,
0x000001c74ae98900, 0x000001c74ae99d40, 0x000001c74ae9cfe0, 0x000001c74ae974c0,
0x000001c74ae9ac70, 0x000001c74ae9c0b0, 0x000001c74ae9df10
}

Java Threads: ( => current thread )
  0x000001c73c9d5380 JavaThread "Reference Handler" daemon [_thread_blocked, id=4608, stack(0x000000ae83500000,0x000000ae83600000)]
  0x000001c73c9d6920 JavaThread "Finalizer" daemon [_thread_blocked, id=18064, stack(0x000000ae83600000,0x000000ae83700000)]
  0x000001c73ca0e010 JavaThread "Signal Dispatcher" daemon [_thread_blocked, id=4732, stack(0x000000ae83700000,0x000000ae83800000)]
  0x000001c73ca10cb0 JavaThread "Attach Listener" daemon [_thread_blocked, id=16184, stack(0x000000ae83800000,0x000000ae83900000)]
  0x000001c73ca11580 JavaThread "Service Thread" daemon [_thread_blocked, id=12280, stack(0x000000ae83900000,0x000000ae83a00000)]
  0x000001c73cb7a4d0 JavaThread "Monitor Deflation Thread" daemon [_thread_blocked, id=1628, stack(0x000000ae83a00000,0x000000ae83b00000)]
  0x000001c73cb7ada0 JavaThread "C1 CompilerThread0" daemon [_thread_blocked, id=15788, stack(0x000000ae83b00000,0x000000ae83c00000)]
  0x000001c73cb7b6b0 JavaThread "Sweeper thread" daemon [_thread_blocked, id=2556, stack(0x000000ae83c00000,0x000000ae83d00000)]
  0x000001c73cd6a0c0 JavaThread "Notification Thread" daemon [_thread_blocked, id=10792, stack(0x000000ae83d00000,0x000000ae83e00000)]
  0x000001c73cd6d860 JavaThread "Common-Cleaner" daemon [_thread_blocked, id=13004, stack(0x000000ae83f00000,0x000000ae84000000)]
  0x000001c742277360 JavaThread "boundedElastic-evictor-1" daemon [_thread_blocked, id=19264, stack(0x000000ae84600000,0x000000ae84700000)]
  0x000001c74235c850 JavaThread "pool-13-thread-1" [_thread_blocked, id=4644, stack(0x000000ae84900000,0x000000ae84a00000)]
  0x000001c74235cd30 JavaThread "LanguageServerApp-lifecycle" [_thread_blocked, id=13748, stack(0x000000ae84a00000,0x000000ae84b00000)]
  0x000001c730049060 JavaThread "DestroyJavaVM" [_thread_blocked, id=18196, stack(0x000000ae82e00000,0x000000ae82f00000)]
  0x000001c7420eec70 JavaThread "pool-14-thread-1" [_thread_in_native, id=17916, stack(0x000000ae84b00000,0x000000ae84c00000)]
  0x000001c742531680 JavaThread "Simple-Language-Server main thread" daemon [_thread_blocked, id=9680, stack(0x000000ae84c00000,0x000000ae84d00000)]
  0x000001c742544a40 JavaThread "pool-8-thread-1" [_thread_blocked, id=7188, stack(0x000000ae84f00000,0x000000ae85000000)]
  0x000001c742544020 JavaThread "parallel-1" daemon [_thread_blocked, id=2636, stack(0x000000ae85000000,0x000000ae85100000)]
  0x000001c742544f50 JavaThread "pool-6-thread-1" [_thread_blocked, id=11236, stack(0x000000ae85100000,0x000000ae85200000)]
  0x000001c742543b10 JavaThread "parallel-2" daemon [_thread_blocked, id=12224, stack(0x000000ae85200000,0x000000ae85300000)]
  0x000001c742543600 JavaThread "parallel-3" daemon [_thread_blocked, id=5636, stack(0x000000ae85300000,0x000000ae85400000)]
  0x000001c7425c8470 JavaThread "parallel-4" daemon [_thread_blocked, id=14764, stack(0x000000ae85900000,0x000000ae85a00000)]
  0x000001c7425cb710 JavaThread "Reconciler-1" daemon [_thread_blocked, id=9032, stack(0x000000ae85a00000,0x000000ae85b00000)]
  0x000001c7425ca2d0 JavaThread "parallel-5" daemon [_thread_blocked, id=15328, stack(0x000000ae84000000,0x000000ae84100000)]
  0x000001c7425c6610 JavaThread "parallel-6" daemon [_thread_blocked, id=7372, stack(0x000000ae82d00000,0x000000ae82e00000)]
  0x000001c7425c93a0 JavaThread "pool-9-thread-1" [_thread_blocked, id=15384, stack(0x000000ae85b00000,0x000000ae85c00000)]
  0x000001c7425cbc20 JavaThread "pool-9-thread-2" [_thread_blocked, id=15248, stack(0x000000ae85c00000,0x000000ae85d00000)]
  0x000001c7425c98b0 JavaThread "pool-9-thread-3" [_thread_blocked, id=10644, stack(0x000000ae85d00000,0x000000ae85e00000)]
  0x000001c7425cc130 JavaThread "pool-9-thread-4" [_thread_blocked, id=11928, stack(0x000000ae85e00000,0x000000ae85f00000)]
  0x000001c7425cc640 JavaThread "pool-9-thread-5" [_thread_blocked, id=5048, stack(0x000000ae85f00000,0x000000ae86000000)]
  0x000001c7425cd060 JavaThread "pool-9-thread-6" [_thread_blocked, id=6284, stack(0x000000ae86000000,0x000000ae86100000)]
  0x000001c7425c6100 JavaThread "pool-9-thread-7" [_thread_blocked, id=5964, stack(0x000000ae86100000,0x000000ae86200000)]
  0x000001c7425cda80 JavaThread "pool-9-thread-8" [_thread_blocked, id=13680, stack(0x000000ae86200000,0x000000ae86300000)]
  0x000001c7425c7a50 JavaThread "pool-9-thread-9" [_thread_blocked, id=248, stack(0x000000ae86300000,0x000000ae86400000)]
  0x000001c7425c8980 JavaThread "pool-9-thread-10" [_thread_blocked, id=10712, stack(0x000000ae86400000,0x000000ae86500000)]
  0x000001c7425c7540 JavaThread "pool-7-thread-1" [_thread_blocked, id=8444, stack(0x000000ae86500000,0x000000ae86600000)]
  0x000001c7425c8e90 JavaThread "RMI RenewClean-[localhost:53930]" daemon [_thread_blocked, id=2776, stack(0x000000ae86600000,0x000000ae86700000)]
  0x000001c742544530 JavaThread "RMI GC Daemon" daemon [_thread_blocked, id=9660, stack(0x000000ae86700000,0x000000ae86800000)]
  0x000001c74ae99320 JavaThread "RMI Scheduler(0)" daemon [_thread_blocked, id=6196, stack(0x000000ae86800000,0x000000ae86900000)]
  0x000001c74ae979d0 JavaThread "JMX client heartbeat 2" daemon [_thread_blocked, id=13924, stack(0x000000ae86900000,0x000000ae86a00000)]
  0x000001c74ae98900 JavaThread "pool-7-thread-2" [_thread_blocked, id=7084, stack(0x000000ae86a00000,0x000000ae86b00000)]
  0x000001c74ae99d40 JavaThread "pool-7-thread-3" [_thread_blocked, id=9896, stack(0x000000ae86b00000,0x000000ae86c00000)]
  0x000001c74ae9cfe0 JavaThread "pool-7-thread-4" [_thread_blocked, id=16044, stack(0x000000ae86c00000,0x000000ae86d00000)]
  0x000001c74ae974c0 JavaThread "pool-7-thread-5" [_thread_blocked, id=5688, stack(0x000000ae85600000,0x000000ae85700000)]
  0x000001c74ae9ac70 JavaThread "pool-7-thread-6" [_thread_blocked, id=2612, stack(0x000000ae86d00000,0x000000ae86e00000)]
  0x000001c74ae9c0b0 JavaThread "pool-5-thread-16" [_thread_blocked, id=17228, stack(0x000000ae84e00000,0x000000ae84f00000)]
  0x000001c74ae9df10 JavaThread "ForkJoinPool.commonPool-worker-9" daemon [_thread_blocked, id=17584, stack(0x000000ae82c00000,0x000000ae82d00000)]

Other Threads:
=>0x000001c73c98ec80 VMThread "VM Thread" [stack: 0x000000ae83400000,0x000000ae83500000] [id=12120]
  0x000001c73cd6c5b0 WatcherThread [stack: 0x000000ae83e00000,0x000000ae83f00000] [id=9116]
  0x000001c730084c10 GCTaskThread "GC Thread#0" [stack: 0x000000ae82f00000,0x000000ae83000000] [id=15564]
  0x000001c7419db3e0 GCTaskThread "GC Thread#1" [stack: 0x000000ae84100000,0x000000ae84200000] [id=6944]
  0x000001c741a075c0 GCTaskThread "GC Thread#2" [stack: 0x000000ae84200000,0x000000ae84300000] [id=9612]
  0x000001c741a32fb0 GCTaskThread "GC Thread#3" [stack: 0x000000ae84300000,0x000000ae84400000] [id=17136]
  0x000001c741b03c50 GCTaskThread "GC Thread#4" [stack: 0x000000ae84400000,0x000000ae84500000] [id=1476]
  0x000001c741bf0830 GCTaskThread "GC Thread#5" [stack: 0x000000ae84500000,0x000000ae84600000] [id=13036]
  0x000001c73008da70 ConcurrentGCThread "G1 Main Marker" [stack: 0x000000ae83000000,0x000000ae83100000] [id=3680]
  0x000001c73008e3a0 ConcurrentGCThread "G1 Conc#0" [stack: 0x000000ae83100000,0x000000ae83200000] [id=2860]
  0x000001c741dd19a0 ConcurrentGCThread "G1 Conc#1" [stack: 0x000000ae84800000,0x000000ae84900000] [id=18724]
  0x000001c73c830090 ConcurrentGCThread "G1 Refine#0" [stack: 0x000000ae83200000,0x000000ae83300000] [id=1788]
  0x000001c73c8309d0 ConcurrentGCThread "G1 Service" [stack: 0x000000ae83300000,0x000000ae83400000] [id=13972]

Threads with active compile tasks:

VM state: at safepoint (normal execution)

VM Mutex/Monitor currently owned by a thread:  ([mutex/lock_event])
[0x000001c72ff128d0] Threads_lock - owner thread: 0x000001c73c98ec80
[0x000001c72ff10f80] Heap_lock - owner thread: 0x000001c74235c850

Heap address: 0x00000000c0000000, size: 1024 MB, Compressed Oops mode: 32-bit

CDS archive(s) not mapped
Compressed class space mapped at: 0x0000000100000000-0x0000000140000000, reserved size: 1073741824
Narrow klass base: 0x0000000000000000, Narrow klass shift: 3, Narrow klass range: 0x140000000

GC Precious Log:
 CPUs: 6 total, 6 available
 Memory: 7564M
 Large Page Support: Disabled
 NUMA Support: Disabled
 Compressed Oops: Enabled (32-bit)
 Heap Region Size: 1M
 Heap Min Capacity: 8M
 Heap Initial Capacity: 120M
 Heap Max Capacity: 1G
 Pre-touch: Disabled
 Parallel Workers: 6
 Concurrent Workers: 2
 Concurrent Refinement Workers: 6
 Periodic GC: Disabled

Heap:
 garbage-first heap   total 91136K, used 40542K [0x00000000c0000000, 0x0000000100000000)
  region size 1024K, 1 young (1024K), 0 survivors (0K)
 Metaspace       used 61796K, committed 62592K, reserved 1114112K
  class space    used 7776K, committed 8128K, reserved 1048576K

Heap Regions: E=young(eden), S=young(survivor), O=old, HS=humongous(starts), HC=humongous(continues), CS=collection set, F=free, OA=open archive, CA=closed archive, TAMS=top-at-mark-start (previous, next)
|   0|0x00000000c0000000, 0x00000000c0100000, 0x00000000c0100000|100%|HS|  |TAMS 0x00000000c0100000, 0x00000000c0000000| Untracked 
|   1|0x00000000c0100000, 0x00000000c0200000, 0x00000000c0200000|100%|HC|  |TAMS 0x00000000c0200000, 0x00000000c0100000| Untracked 
|   2|0x00000000c0200000, 0x00000000c0300000, 0x00000000c0300000|100%|HC|  |TAMS 0x00000000c0300000, 0x00000000c0200000| Untracked 
|   3|0x00000000c0300000, 0x00000000c0400000, 0x00000000c0400000|100%|HC|  |TAMS 0x00000000c0400000, 0x00000000c0300000| Untracked 
|   4|0x00000000c0400000, 0x00000000c0500000, 0x00000000c0500000|100%|HS|  |TAMS 0x00000000c0500000, 0x00000000c0400000| Untracked 
|   5|0x00000000c0500000, 0x00000000c0600000, 0x00000000c0600000|100%|HC|  |TAMS 0x00000000c0600000, 0x00000000c0500000| Untracked 
|   6|0x00000000c0600000, 0x00000000c0700000, 0x00000000c0700000|100%| O|  |TAMS 0x00000000c0700000, 0x00000000c0600000| Untracked 
|   7|0x00000000c0700000, 0x00000000c07ffff8, 0x00000000c0800000| 99%| O|  |TAMS 0x00000000c07ffff8, 0x00000000c0700000| Untracked 
|   8|0x00000000c0800000, 0x00000000c0900000, 0x00000000c0900000|100%| O|  |TAMS 0x00000000c0900000, 0x00000000c0800000| Untracked 
|   9|0x00000000c0900000, 0x00000000c0a00000, 0x00000000c0a00000|100%| O|  |TAMS 0x00000000c0a00000, 0x00000000c0900000| Untracked 
|  10|0x00000000c0a00000, 0x00000000c0b00000, 0x00000000c0b00000|100%| O|  |TAMS 0x00000000c0b00000, 0x00000000c0a00000| Untracked 
|  11|0x00000000c0b00000, 0x00000000c0bffff0, 0x00000000c0c00000| 99%| O|  |TAMS 0x00000000c0bffff0, 0x00000000c0b00000| Untracked 
|  12|0x00000000c0c00000, 0x00000000c0cfffe0, 0x00000000c0d00000| 99%| O|  |TAMS 0x00000000c0cfffe0, 0x00000000c0c00000| Untracked 
|  13|0x00000000c0d00000, 0x00000000c0e00000, 0x00000000c0e00000|100%| O|  |TAMS 0x00000000c0e00000, 0x00000000c0d00000| Untracked 
|  14|0x00000000c0e00000, 0x00000000c0efff58, 0x00000000c0f00000| 99%| O|  |TAMS 0x00000000c0efff58, 0x00000000c0e00000| Untracked 
|  15|0x00000000c0f00000, 0x00000000c0fffff0, 0x00000000c1000000| 99%| O|  |TAMS 0x00000000c0fffff0, 0x00000000c0f00000| Untracked 
|  16|0x00000000c1000000, 0x00000000c10ffff0, 0x00000000c1100000| 99%| O|  |TAMS 0x00000000c10ffff0, 0x00000000c1000000| Untracked 
|  17|0x00000000c1100000, 0x00000000c11ffff8, 0x00000000c1200000| 99%| O|  |TAMS 0x00000000c11ffff8, 0x00000000c1100000| Untracked 
|  18|0x00000000c1200000, 0x00000000c1300000, 0x00000000c1300000|100%| O|  |TAMS 0x00000000c1300000, 0x00000000c1200000| Untracked 
|  19|0x00000000c1300000, 0x00000000c13ffff8, 0x00000000c1400000| 99%| O|  |TAMS 0x00000000c13ffff8, 0x00000000c1300000| Untracked 
|  20|0x00000000c1400000, 0x00000000c14fffd0, 0x00000000c1500000| 99%| O|  |TAMS 0x00000000c14fffd0, 0x00000000c1400000| Untracked 
|  21|0x00000000c1500000, 0x00000000c15ffff0, 0x00000000c1600000| 99%| O|  |TAMS 0x00000000c15ffff0, 0x00000000c1500000| Untracked 
|  22|0x00000000c1600000, 0x00000000c1700000, 0x00000000c1700000|100%| O|  |TAMS 0x00000000c1700000, 0x00000000c1600000| Untracked 
|  23|0x00000000c1700000, 0x00000000c17fffe8, 0x00000000c1800000| 99%| O|  |TAMS 0x00000000c17fffe8, 0x00000000c1700000| Untracked 
|  24|0x00000000c1800000, 0x00000000c18ffff0, 0x00000000c1900000| 99%| O|  |TAMS 0x00000000c18ffff0, 0x00000000c1800000| Untracked 
|  25|0x00000000c1900000, 0x00000000c19ffff8, 0x00000000c1a00000| 99%| O|  |TAMS 0x00000000c19ffff8, 0x00000000c1900000| Untracked 
|  26|0x00000000c1a00000, 0x00000000c1afffe8, 0x00000000c1b00000| 99%| O|  |TAMS 0x00000000c1afffe8, 0x00000000c1a00000| Untracked 
|  27|0x00000000c1b00000, 0x00000000c1c00000, 0x00000000c1c00000|100%| O|  |TAMS 0x00000000c1c00000, 0x00000000c1b00000| Untracked 
|  28|0x00000000c1c00000, 0x00000000c1cfffe0, 0x00000000c1d00000| 99%| O|  |TAMS 0x00000000c1cfffe0, 0x00000000c1c00000| Untracked 
|  29|0x00000000c1d00000, 0x00000000c1dffff8, 0x00000000c1e00000| 99%| O|  |TAMS 0x00000000c1dffff8, 0x00000000c1d00000| Untracked 
|  30|0x00000000c1e00000, 0x00000000c1f00000, 0x00000000c1f00000|100%| O|  |TAMS 0x00000000c1f00000, 0x00000000c1e00000| Untracked 
|  31|0x00000000c1f00000, 0x00000000c1fffff8, 0x00000000c2000000| 99%| O|  |TAMS 0x00000000c1fffff8, 0x00000000c1f00000| Untracked 
|  32|0x00000000c2000000, 0x00000000c20ffef0, 0x00000000c2100000| 99%| O|  |TAMS 0x00000000c20ffef0, 0x00000000c2000000| Untracked 
|  33|0x00000000c2100000, 0x00000000c21f00d0, 0x00000000c2200000| 93%| O|  |TAMS 0x00000000c2100000, 0x00000000c2100000| Untracked 
|  34|0x00000000c2200000, 0x00000000c2300000, 0x00000000c2300000|100%|HS|  |TAMS 0x00000000c2300000, 0x00000000c2200000| Untracked 
|  35|0x00000000c2300000, 0x00000000c2400000, 0x00000000c2400000|100%| O|  |TAMS 0x00000000c2400000, 0x00000000c2300000| Untracked 
|  36|0x00000000c2400000, 0x00000000c24fcf40, 0x00000000c2500000| 98%| O|  |TAMS 0x00000000c24fcf40, 0x00000000c2400000| Untracked 
|  37|0x00000000c2500000, 0x00000000c25fceb0, 0x00000000c2600000| 98%| O|  |TAMS 0x00000000c25fceb0, 0x00000000c2500000| Untracked 
|  38|0x00000000c2600000, 0x00000000c26adc88, 0x00000000c2700000| 67%| O|  |TAMS 0x00000000c2600000, 0x00000000c2600000| Untracked 
|  39|0x00000000c2700000, 0x00000000c2700000, 0x00000000c2800000|  0%| F|  |TAMS 0x00000000c2700000, 0x00000000c2700000| Untracked 
|  40|0x00000000c2800000, 0x00000000c2800000, 0x00000000c2900000|  0%| F|  |TAMS 0x00000000c2800000, 0x00000000c2800000| Untracked 
|  41|0x00000000c2900000, 0x00000000c2900000, 0x00000000c2a00000|  0%| F|  |TAMS 0x00000000c2900000, 0x00000000c2900000| Untracked 
|  42|0x00000000c2a00000, 0x00000000c2a00000, 0x00000000c2b00000|  0%| F|  |TAMS 0x00000000c2a00000, 0x00000000c2a00000| Untracked 
|  43|0x00000000c2b00000, 0x00000000c2b00000, 0x00000000c2c00000|  0%| F|  |TAMS 0x00000000c2b00000, 0x00000000c2b00000| Untracked 
|  44|0x00000000c2c00000, 0x00000000c2c00000, 0x00000000c2d00000|  0%| F|  |TAMS 0x00000000c2c00000, 0x00000000c2c00000| Untracked 
|  45|0x00000000c2d00000, 0x00000000c2d00000, 0x00000000c2e00000|  0%| F|  |TAMS 0x00000000c2d00000, 0x00000000c2d00000| Untracked 
|  46|0x00000000c2e00000, 0x00000000c2e00000, 0x00000000c2f00000|  0%| F|  |TAMS 0x00000000c2e00000, 0x00000000c2e00000| Untracked 
|  47|0x00000000c2f00000, 0x00000000c2f00000, 0x00000000c3000000|  0%| F|  |TAMS 0x00000000c2f00000, 0x00000000c2f00000| Untracked 
|  48|0x00000000c3000000, 0x00000000c3000000, 0x00000000c3100000|  0%| F|  |TAMS 0x00000000c3000000, 0x00000000c3000000| Untracked 
|  49|0x00000000c3100000, 0x00000000c3100000, 0x00000000c3200000|  0%| F|  |TAMS 0x00000000c3100000, 0x00000000c3100000| Untracked 
|  50|0x00000000c3200000, 0x00000000c3300000, 0x00000000c3300000|100%| O|  |TAMS 0x00000000c3300000, 0x00000000c3200000| Untracked 
|  51|0x00000000c3300000, 0x00000000c3300000, 0x00000000c3400000|  0%| F|  |TAMS 0x00000000c3300000, 0x00000000c3300000| Untracked 
|  52|0x00000000c3400000, 0x00000000c3400000, 0x00000000c3500000|  0%| F|  |TAMS 0x00000000c3400000, 0x00000000c3400000| Untracked 
|  53|0x00000000c3500000, 0x00000000c3500000, 0x00000000c3600000|  0%| F|  |TAMS 0x00000000c3500000, 0x00000000c3500000| Untracked 
|  54|0x00000000c3600000, 0x00000000c3600000, 0x00000000c3700000|  0%| F|  |TAMS 0x00000000c3600000, 0x00000000c3600000| Untracked 
|  55|0x00000000c3700000, 0x00000000c3700000, 0x00000000c3800000|  0%| F|  |TAMS 0x00000000c3700000, 0x00000000c3700000| Untracked 
|  56|0x00000000c3800000, 0x00000000c3800000, 0x00000000c3900000|  0%| F|  |TAMS 0x00000000c3800000, 0x00000000c3800000| Untracked 
|  57|0x00000000c3900000, 0x00000000c3900000, 0x00000000c3a00000|  0%| F|  |TAMS 0x00000000c3900000, 0x00000000c3900000| Untracked 
|  58|0x00000000c3a00000, 0x00000000c3a00000, 0x00000000c3b00000|  0%| F|  |TAMS 0x00000000c3a00000, 0x00000000c3a00000| Untracked 
|  59|0x00000000c3b00000, 0x00000000c3b00000, 0x00000000c3c00000|  0%| F|  |TAMS 0x00000000c3b00000, 0x00000000c3b00000| Untracked 
|  60|0x00000000c3c00000, 0x00000000c3c00000, 0x00000000c3d00000|  0%| F|  |TAMS 0x00000000c3c00000, 0x00000000c3c00000| Untracked 
|  61|0x00000000c3d00000, 0x00000000c3d00000, 0x00000000c3e00000|  0%| F|  |TAMS 0x00000000c3d00000, 0x00000000c3d00000| Untracked 
|  62|0x00000000c3e00000, 0x00000000c3e00000, 0x00000000c3f00000|  0%| F|  |TAMS 0x00000000c3e00000, 0x00000000c3e00000| Untracked 
|  63|0x00000000c3f00000, 0x00000000c3f00000, 0x00000000c4000000|  0%| F|  |TAMS 0x00000000c3f00000, 0x00000000c3f00000| Untracked 
|  64|0x00000000c4000000, 0x00000000c4000000, 0x00000000c4100000|  0%| F|  |TAMS 0x00000000c4000000, 0x00000000c4000000| Untracked 
|  65|0x00000000c4100000, 0x00000000c4100000, 0x00000000c4200000|  0%| F|  |TAMS 0x00000000c4100000, 0x00000000c4100000| Untracked 
|  66|0x00000000c4200000, 0x00000000c4200000, 0x00000000c4300000|  0%| F|  |TAMS 0x00000000c4200000, 0x00000000c4200000| Untracked 
|  67|0x00000000c4300000, 0x00000000c4300000, 0x00000000c4400000|  0%| F|  |TAMS 0x00000000c4300000, 0x00000000c4300000| Untracked 
|  68|0x00000000c4400000, 0x00000000c4400000, 0x00000000c4500000|  0%| F|  |TAMS 0x00000000c4400000, 0x00000000c4400000| Untracked 
|  69|0x00000000c4500000, 0x00000000c4500000, 0x00000000c4600000|  0%| F|  |TAMS 0x00000000c4500000, 0x00000000c4500000| Untracked 
|  70|0x00000000c4600000, 0x00000000c4600000, 0x00000000c4700000|  0%| F|  |TAMS 0x00000000c4600000, 0x00000000c4600000| Untracked 
|  71|0x00000000c4700000, 0x00000000c4700000, 0x00000000c4800000|  0%| F|  |TAMS 0x00000000c4700000, 0x00000000c4700000| Untracked 
|  72|0x00000000c4800000, 0x00000000c4800000, 0x00000000c4900000|  0%| F|  |TAMS 0x00000000c4800000, 0x00000000c4800000| Untracked 
|  73|0x00000000c4900000, 0x00000000c4900000, 0x00000000c4a00000|  0%| F|  |TAMS 0x00000000c4900000, 0x00000000c4900000| Untracked 
|  74|0x00000000c4a00000, 0x00000000c4a00000, 0x00000000c4b00000|  0%| F|  |TAMS 0x00000000c4a00000, 0x00000000c4a00000| Untracked 
|  75|0x00000000c4b00000, 0x00000000c4b00000, 0x00000000c4c00000|  0%| F|  |TAMS 0x00000000c4b00000, 0x00000000c4b00000| Untracked 
|  76|0x00000000c4c00000, 0x00000000c4c00000, 0x00000000c4d00000|  0%| F|  |TAMS 0x00000000c4c00000, 0x00000000c4c00000| Untracked 
|  77|0x00000000c4d00000, 0x00000000c4d00000, 0x00000000c4e00000|  0%| F|  |TAMS 0x00000000c4d00000, 0x00000000c4d00000| Untracked 
|  78|0x00000000c4e00000, 0x00000000c4e00000, 0x00000000c4f00000|  0%| F|  |TAMS 0x00000000c4e00000, 0x00000000c4e00000| Untracked 
|  79|0x00000000c4f00000, 0x00000000c4f00000, 0x00000000c5000000|  0%| F|  |TAMS 0x00000000c4f00000, 0x00000000c4f00000| Untracked 
|  80|0x00000000c5000000, 0x00000000c5000000, 0x00000000c5100000|  0%| F|  |TAMS 0x00000000c5000000, 0x00000000c5000000| Untracked 
|  81|0x00000000c5100000, 0x00000000c5100000, 0x00000000c5200000|  0%| F|  |TAMS 0x00000000c5100000, 0x00000000c5100000| Untracked 
|  82|0x00000000c5200000, 0x00000000c5200000, 0x00000000c5300000|  0%| F|  |TAMS 0x00000000c5200000, 0x00000000c5200000| Untracked 
|  83|0x00000000c5300000, 0x00000000c5300000, 0x00000000c5400000|  0%| F|  |TAMS 0x00000000c5300000, 0x00000000c5300000| Untracked 
|  84|0x00000000c5400000, 0x00000000c5400000, 0x00000000c5500000|  0%| F|  |TAMS 0x00000000c5400000, 0x00000000c5400000| Untracked 
|  85|0x00000000c5500000, 0x00000000c5500000, 0x00000000c5600000|  0%| F|  |TAMS 0x00000000c5500000, 0x00000000c5500000| Untracked 
|  86|0x00000000c5600000, 0x00000000c5600000, 0x00000000c5700000|  0%| F|  |TAMS 0x00000000c5600000, 0x00000000c5600000| Untracked 
|  87|0x00000000c5700000, 0x00000000c5700000, 0x00000000c5800000|  0%| F|  |TAMS 0x00000000c5700000, 0x00000000c5700000| Untracked 
| 119|0x00000000c7700000, 0x00000000c7725900, 0x00000000c7800000| 14%| E|  |TAMS 0x00000000c7700000, 0x00000000c7700000| Complete 

Card table byte_map: [0x000001c737d70000,0x000001c737f70000] _byte_map_base: 0x000001c737770000

Marking Bits (Prev, Next): (CMBitMap*) 0x000001c730085180, (CMBitMap*) 0x000001c730085140
 Prev Bits: [0x000001c739170000, 0x000001c73a170000)
 Next Bits: [0x000001c738170000, 0x000001c739170000)

Polling page: 0x000001c7300f0000

Metaspace:

Usage:
  Non-class:     52.75 MB used.
      Class:      7.59 MB used.
       Both:     60.35 MB used.

Virtual space:
  Non-class space:       64.00 MB reserved,      53.19 MB ( 83%) committed,  1 nodes.
      Class space:        1.00 GB reserved,       7.94 MB ( <1%) committed,  1 nodes.
             Both:        1.06 GB reserved,      61.12 MB (  6%) committed. 

Chunk freelists:
   Non-Class:  10.29 MB
       Class:  8.14 MB
        Both:  18.42 MB

MaxMetaspaceSize: unlimited
CompressedClassSpaceSize: 1.00 GB
Initial GC threshold: 21.00 MB
Current GC threshold: 101.88 MB
CDS: off
MetaspaceReclaimPolicy: balanced
 - commit_granule_bytes: 65536.
 - commit_granule_words: 8192.
 - virtual_space_node_default_size: 8388608.
 - enlarge_chunks_in_place: 1.
 - new_chunks_are_fully_committed: 0.
 - uncommit_free_chunks: 1.
 - use_allocation_guard: 0.
 - handle_deallocations: 1.


Internal statistics:

num_allocs_failed_limit: 6.
num_arena_births: 1060.
num_arena_deaths: 502.
num_vsnodes_births: 2.
num_vsnodes_deaths: 0.
num_space_committed: 978.
num_space_uncommitted: 0.
num_chunks_returned_to_freelist: 625.
num_chunks_taken_from_freelist: 3197.
num_chunk_merges: 201.
num_chunk_splits: 2045.
num_chunks_enlarged: 1480.
num_inconsistent_stats: 0.

CodeCache: size=49152Kb used=13827Kb max_used=14177Kb free=35324Kb
 bounds [0x000001c7344b0000, 0x000001c735290000, 0x000001c7374b0000]
 total_blobs=8431 nmethods=7751 adapters=605
 compilation: enabled
              stopped_count=0, restarted_count=0
 full_count=0

Compilation events (20 events):
Event: 1081.620 Thread 0x000001c73cb7ada0 7743       1       org.springframework.ide.vscode.commons.java.SpringProjectUtil::getVersionFromGeneration (108 bytes)
Event: 1081.622 Thread 0x000001c73cb7ada0 nmethod 7743 0x000001c735251590 code [0x000001c7352517e0, 0x000001c735251e28]
Event: 1085.943 Thread 0x000001c73cb7ada0 7744       1       java.io.ObjectOutputStream::enableReplaceObject (47 bytes)
Event: 1085.943 Thread 0x000001c73cb7ada0 nmethod 7744 0x000001c735251090 code [0x000001c735251240, 0x000001c735251468]
Event: 1106.991 Thread 0x000001c73cb7ada0 7745       1       java.util.logging.Logger::log (33 bytes)
Event: 1106.991 Thread 0x000001c73cb7ada0 nmethod 7745 0x000001c735250b10 code [0x000001c735250cc0, 0x000001c735250ef8]
Event: 1111.000 Thread 0x000001c73cb7ada0 7746       1       java.io.ObjectInputStream::readStreamHeader (61 bytes)
Event: 1111.001 Thread 0x000001c73cb7ada0 nmethod 7746 0x000001c73524fe10 code [0x000001c735250060, 0x000001c735250758]
Event: 1111.001 Thread 0x000001c73cb7ada0 7747   !   1       sun.rmi.transport.tcp.TCPChannel::free (163 bytes)
Event: 1111.002 Thread 0x000001c73cb7ada0 nmethod 7747 0x000001c73524f290 code [0x000001c73524f4c0, 0x000001c73524fa98]
Event: 1112.001 Thread 0x000001c73cb7ada0 7748   !   1       java.io.ObjectInputStream$ValidationList::doCallbacks (58 bytes)
Event: 1112.002 Thread 0x000001c73cb7ada0 nmethod 7748 0x000001c73524e610 code [0x000001c73524e820, 0x000001c73524ed98]
Event: 1144.493 Thread 0x000001c73cb7ada0 7749       1       java.util.concurrent.Executors$RunnableAdapter::call (14 bytes)
Event: 1144.493 Thread 0x000001c73cb7ada0 nmethod 7749 0x000001c73524e310 code [0x000001c73524e4a0, 0x000001c73524e5a8]
Event: 1168.374 Thread 0x000001c73cb7ada0 7750   !   1       java.util.concurrent.FutureTask::runAndReset (125 bytes)
Event: 1168.377 Thread 0x000001c73cb7ada0 nmethod 7750 0x000001c73524d290 code [0x000001c73524d500, 0x000001c73524de38]
Event: 1174.589 Thread 0x000001c73cb7ada0 7751       1       java.util.concurrent.ScheduledThreadPoolExecutor$ScheduledFutureTask::setNextRunTime (38 bytes)
Event: 1174.589 Thread 0x000001c73cb7ada0 nmethod 7751 0x000001c73524ce10 code [0x000001c73524cfc0, 0x000001c73524d1a8]
Event: 1174.589 Thread 0x000001c73cb7ada0 7752       1       java.util.concurrent.ScheduledThreadPoolExecutor::reExecutePeriodic (49 bytes)
Event: 1174.590 Thread 0x000001c73cb7ada0 nmethod 7752 0x000001c73524c810 code [0x000001c73524ca00, 0x000001c73524cc48]

GC Heap History (20 events):
Event: 886.069 GC heap before
{Heap before GC invocations=57 (full 26):
 garbage-first heap   total 91136K, used 40538K [0x00000000c0000000, 0x0000000100000000)
  region size 1024K, 1 young (1024K), 0 survivors (0K)
 Metaspace       used 61796K, committed 62592K, reserved 1114112K
  class space    used 7776K, committed 8128K, reserved 1048576K
}
Event: 886.104 GC heap after
{Heap after GC invocations=58 (full 27):
 garbage-first heap   total 91136K, used 40538K [0x00000000c0000000, 0x0000000100000000)
  region size 1024K, 0 young (0K), 0 survivors (0K)
 Metaspace       used 61796K, committed 62592K, reserved 1114112K
  class space    used 7776K, committed 8128K, reserved 1048576K
}
Event: 896.327 GC heap before
{Heap before GC invocations=58 (full 27):
 garbage-first heap   total 91136K, used 40538K [0x00000000c0000000, 0x0000000100000000)
  region size 1024K, 1 young (1024K), 0 survivors (0K)
 Metaspace       used 61796K, committed 62592K, reserved 1114112K
  class space    used 7776K, committed 8128K, reserved 1048576K
}
Event: 896.380 GC heap after
{Heap after GC invocations=59 (full 28):
 garbage-first heap   total 91136K, used 40538K [0x00000000c0000000, 0x0000000100000000)
  region size 1024K, 0 young (0K), 0 survivors (0K)
 Metaspace       used 61796K, committed 62592K, reserved 1114112K
  class space    used 7776K, committed 8128K, reserved 1048576K
}
Event: 906.590 GC heap before
{Heap before GC invocations=59 (full 28):
 garbage-first heap   total 91136K, used 40538K [0x00000000c0000000, 0x0000000100000000)
  region size 1024K, 1 young (1024K), 0 survivors (0K)
 Metaspace       used 61796K, committed 62592K, reserved 1114112K
  class space    used 7776K, committed 8128K, reserved 1048576K
}
Event: 906.633 GC heap after
{Heap after GC invocations=60 (full 29):
 garbage-first heap   total 91136K, used 40538K [0x00000000c0000000, 0x0000000100000000)
  region size 1024K, 0 young (0K), 0 survivors (0K)
 Metaspace       used 61796K, committed 62592K, reserved 1114112K
  class space    used 7776K, committed 8128K, reserved 1048576K
}
Event: 966.847 GC heap before
{Heap before GC invocations=60 (full 29):
 garbage-first heap   total 91136K, used 41562K [0x00000000c0000000, 0x0000000100000000)
  region size 1024K, 2 young (2048K), 0 survivors (0K)
 Metaspace       used 61796K, committed 62592K, reserved 1114112K
  class space    used 7776K, committed 8128K, reserved 1048576K
}
Event: 966.940 GC heap after
{Heap after GC invocations=61 (full 30):
 garbage-first heap   total 91136K, used 40569K [0x00000000c0000000, 0x0000000100000000)
  region size 1024K, 0 young (0K), 0 survivors (0K)
 Metaspace       used 61796K, committed 62592K, reserved 1114112K
  class space    used 7776K, committed 8128K, reserved 1048576K
}
Event: 977.124 GC heap before
{Heap before GC invocations=61 (full 30):
 garbage-first heap   total 91136K, used 40569K [0x00000000c0000000, 0x0000000100000000)
  region size 1024K, 1 young (1024K), 0 survivors (0K)
 Metaspace       used 61796K, committed 62592K, reserved 1114112K
  class space    used 7776K, committed 8128K, reserved 1048576K
}
Event: 977.177 GC heap after
{Heap after GC invocations=62 (full 31):
 garbage-first heap   total 91136K, used 40542K [0x00000000c0000000, 0x0000000100000000)
  region size 1024K, 0 young (0K), 0 survivors (0K)
 Metaspace       used 61796K, committed 62592K, reserved 1114112K
  class space    used 7776K, committed 8128K, reserved 1048576K
}
Event: 987.364 GC heap before
{Heap before GC invocations=62 (full 31):
 garbage-first heap   total 91136K, used 40542K [0x00000000c0000000, 0x0000000100000000)
  region size 1024K, 1 young (1024K), 0 survivors (0K)
 Metaspace       used 61796K, committed 62592K, reserved 1114112K
  class space    used 7776K, committed 8128K, reserved 1048576K
}
Event: 987.413 GC heap after
{Heap after GC invocations=63 (full 32):
 garbage-first heap   total 91136K, used 40543K [0x00000000c0000000, 0x0000000100000000)
  region size 1024K, 0 young (0K), 0 survivors (0K)
 Metaspace       used 61796K, committed 62592K, reserved 1114112K
  class space    used 7776K, committed 8128K, reserved 1048576K
}
Event: 1117.656 GC heap before
{Heap before GC invocations=63 (full 32):
 garbage-first heap   total 91136K, used 41567K [0x00000000c0000000, 0x0000000100000000)
  region size 1024K, 2 young (2048K), 0 survivors (0K)
 Metaspace       used 61806K, committed 62592K, reserved 1114112K
  class space    used 7777K, committed 8128K, reserved 1048576K
}
Event: 1117.708 GC heap after
{Heap after GC invocations=64 (full 33):
 garbage-first heap   total 91136K, used 40554K [0x00000000c0000000, 0x0000000100000000)
  region size 1024K, 0 young (0K), 0 survivors (0K)
 Metaspace       used 61806K, committed 62592K, reserved 1114112K
  class space    used 7777K, committed 8128K, reserved 1048576K
}
Event: 1127.999 GC heap before
{Heap before GC invocations=64 (full 33):
 garbage-first heap   total 91136K, used 40554K [0x00000000c0000000, 0x0000000100000000)
  region size 1024K, 1 young (1024K), 0 survivors (0K)
 Metaspace       used 61806K, committed 62592K, reserved 1114112K
  class space    used 7777K, committed 8128K, reserved 1048576K
}
Event: 1128.077 GC heap after
{Heap after GC invocations=65 (full 34):
 garbage-first heap   total 91136K, used 40542K [0x00000000c0000000, 0x0000000100000000)
  region size 1024K, 0 young (0K), 0 survivors (0K)
 Metaspace       used 61796K, committed 62592K, reserved 1114112K
  class space    used 7776K, committed 8128K, reserved 1048576K
}
Event: 1138.288 GC heap before
{Heap before GC invocations=65 (full 34):
 garbage-first heap   total 91136K, used 40542K [0x00000000c0000000, 0x0000000100000000)
  region size 1024K, 1 young (1024K), 0 survivors (0K)
 Metaspace       used 61796K, committed 62592K, reserved 1114112K
  class space    used 7776K, committed 8128K, reserved 1048576K
}
Event: 1138.360 GC heap after
{Heap after GC invocations=66 (full 35):
 garbage-first heap   total 91136K, used 40542K [0x00000000c0000000, 0x0000000100000000)
  region size 1024K, 0 young (0K), 0 survivors (0K)
 Metaspace       used 61796K, committed 62592K, reserved 1114112K
  class space    used 7776K, committed 8128K, reserved 1048576K
}
Event: 1178.628 GC heap before
{Heap before GC invocations=66 (full 35):
 garbage-first heap   total 91136K, used 40542K [0x00000000c0000000, 0x0000000100000000)
  region size 1024K, 1 young (1024K), 0 survivors (0K)
 Metaspace       used 61796K, committed 62592K, reserved 1114112K
  class space    used 7776K, committed 8128K, reserved 1048576K
}
Event: 1178.673 GC heap after
{Heap after GC invocations=67 (full 36):
 garbage-first heap   total 91136K, used 40542K [0x00000000c0000000, 0x0000000100000000)
  region size 1024K, 0 young (0K), 0 survivors (0K)
 Metaspace       used 61796K, committed 62592K, reserved 1114112K
  class space    used 7776K, committed 8128K, reserved 1048576K
}

Dll operation events (12 events):
Event: 0.018 Loaded shared library c:\Users\HP\.vscode\extensions\redhat.java-1.29.0-win32-x64\jre\17.0.10-win32-x86_64\bin\java.dll
Event: 0.288 Loaded shared library C:\Users\HP\.vscode\extensions\redhat.java-1.29.0-win32-x64\jre\17.0.10-win32-x86_64\bin\net.dll
Event: 0.290 Loaded shared library C:\Users\HP\.vscode\extensions\redhat.java-1.29.0-win32-x64\jre\17.0.10-win32-x86_64\bin\nio.dll
Event: 0.406 Loaded shared library C:\Users\HP\.vscode\extensions\redhat.java-1.29.0-win32-x64\jre\17.0.10-win32-x86_64\bin\zip.dll
Event: 1.958 Loaded shared library C:\Users\HP\.vscode\extensions\redhat.java-1.29.0-win32-x64\jre\17.0.10-win32-x86_64\bin\jimage.dll
Event: 5.317 Loaded shared library c:\Users\HP\.vscode\extensions\redhat.java-1.29.0-win32-x64\jre\17.0.10-win32-x86_64\bin\verify.dll
Event: 8.378 Loaded shared library C:\Users\HP\.vscode\extensions\redhat.java-1.29.0-win32-x64\jre\17.0.10-win32-x86_64\bin\management.dll
Event: 8.438 Loaded shared library C:\Users\HP\.vscode\extensions\redhat.java-1.29.0-win32-x64\jre\17.0.10-win32-x86_64\bin\management_ext.dll
Event: 137.279 Loaded shared library C:\Users\HP\.vscode\extensions\redhat.java-1.29.0-win32-x64\jre\17.0.10-win32-x86_64\bin\sunmscapi.dll
Event: 137.751 Loaded shared library C:\Users\HP\.vscode\extensions\redhat.java-1.29.0-win32-x64\jre\17.0.10-win32-x86_64\bin\extnet.dll
Event: 767.892 Loaded shared library C:\Users\HP\.vscode\extensions\redhat.java-1.29.0-win32-x64\jre\17.0.10-win32-x86_64\bin\attach.dll
Event: 769.315 Loaded shared library C:\Users\HP\.vscode\extensions\redhat.java-1.29.0-win32-x64\jre\17.0.10-win32-x86_64\bin\rmi.dll

Deoptimization events (12 events):
Event: 8.864 Thread 0x000001c7420eec70 DEOPT PACKING pc=0x000001c7349e8c81 sp=0x000000ae84bfdab0
Event: 8.864 Thread 0x000001c7420eec70 DEOPT UNPACKING pc=0x000001c734507143 sp=0x000000ae84bfcf40 mode 3
Event: 8.875 Thread 0x000001c742531680 DEOPT PACKING pc=0x000001c7349cb217 sp=0x000000ae84cfefb0
Event: 8.875 Thread 0x000001c742531680 DEOPT UNPACKING pc=0x000001c734507143 sp=0x000000ae84cfe408 mode 3
Event: 10.655 Thread 0x000001c7425c9dc0 DEOPT PACKING pc=0x000001c734b7d7a4 sp=0x000000ae856ff240
Event: 10.655 Thread 0x000001c7425c8e90 DEOPT PACKING pc=0x000001c734b7d7a4 sp=0x000000ae854ff040
Event: 10.655 Thread 0x000001c7425c9dc0 DEOPT UNPACKING pc=0x000001c734507143 sp=0x000000ae856fe728 mode 0
Event: 10.655 Thread 0x000001c7425c8e90 DEOPT UNPACKING pc=0x000001c734507143 sp=0x000000ae854fe528 mode 0
Event: 91.187 Thread 0x000001c7420eec70 DEOPT PACKING pc=0x000001c734ab7454 sp=0x000000ae84bfedb0
Event: 91.187 Thread 0x000001c7420eec70 DEOPT UNPACKING pc=0x000001c734507143 sp=0x000000ae84bfe258 mode 0
Event: 137.486 Thread 0x000001c7425c8e90 DEOPT PACKING pc=0x000001c734610c8c sp=0x000000ae854fab20
Event: 137.486 Thread 0x000001c7425c8e90 DEOPT UNPACKING pc=0x000001c734507143 sp=0x000000ae854f9fe8 mode 0

Classes unloaded (20 events):
Event: 834.393 Thread 0x000001c73c98ec80 Unloading class 0x000000010079b800 'java/lang/invoke/LambdaForm$MH+0x000000010079b800'
Event: 834.393 Thread 0x000001c73c98ec80 Unloading class 0x000000010079b000 'jdk/internal/reflect/GeneratedSerializationConstructorAccessor6'
Event: 834.393 Thread 0x000001c73c98ec80 Unloading class 0x0000000100797400 'jdk/internal/reflect/GeneratedSerializationConstructorAccessor2'
Event: 834.394 Thread 0x000001c73c98ec80 Unloading class 0x0000000100797000 'jdk/internal/reflect/GeneratedSerializationConstructorAccessor1'
Event: 834.394 Thread 0x000001c73c98ec80 Unloading class 0x0000000100795800 'java/lang/invoke/LambdaForm$MH+0x0000000100795800'
Event: 834.394 Thread 0x000001c73c98ec80 Unloading class 0x0000000100795400 'java/lang/invoke/LambdaForm$MH+0x0000000100795400'
Event: 834.394 Thread 0x000001c73c98ec80 Unloading class 0x0000000100795000 'java/lang/invoke/LambdaForm$MH+0x0000000100795000'
Event: 834.394 Thread 0x000001c73c98ec80 Unloading class 0x0000000100794c00 'java/lang/invoke/LambdaForm$MH+0x0000000100794c00'
Event: 834.394 Thread 0x000001c73c98ec80 Unloading class 0x0000000100794800 'java/lang/invoke/LambdaForm$MH+0x0000000100794800'
Event: 834.394 Thread 0x000001c73c98ec80 Unloading class 0x0000000100794400 'java/lang/invoke/LambdaForm$MH+0x0000000100794400'
Event: 834.394 Thread 0x000001c73c98ec80 Unloading class 0x000000010078c000 'java/lang/invoke/LambdaForm$MH+0x000000010078c000'
Event: 834.394 Thread 0x000001c73c98ec80 Unloading class 0x000000010008c000 'java/lang/invoke/LambdaForm$MH+0x000000010008c000'
Event: 834.394 Thread 0x000001c73c98ec80 Unloading class 0x000000010008d400 'java/lang/invoke/LambdaForm$MH+0x000000010008d400'
Event: 834.394 Thread 0x000001c73c98ec80 Unloading class 0x000000010008e800 'java/lang/invoke/LambdaForm$MH+0x000000010008e800'
Event: 875.846 Thread 0x000001c73c98ec80 Unloading class 0x000000010079b400 'jdk/internal/reflect/GeneratedSerializationConstructorAccessor7'
Event: 875.846 Thread 0x000001c73c98ec80 Unloading class 0x000000010079ac00 'jdk/internal/reflect/GeneratedSerializationConstructorAccessor5'
Event: 875.846 Thread 0x000001c73c98ec80 Unloading class 0x000000010079a800 'jdk/internal/reflect/GeneratedSerializationConstructorAccessor4'
Event: 1128.032 Thread 0x000001c73c98ec80 Unloading class 0x00000001007a8000 'jdk/internal/reflect/GeneratedSerializationConstructorAccessor35'
Event: 1128.032 Thread 0x000001c73c98ec80 Unloading class 0x00000001007ab000 'jdk/internal/reflect/GeneratedSerializationConstructorAccessor34'
Event: 1128.032 Thread 0x000001c73c98ec80 Unloading class 0x00000001007b0000 'jdk/internal/reflect/GeneratedSerializationConstructorAccessor33'

Classes redefined (0 events):
No events

Internal exceptions (20 events):
Event: 449.870 Thread 0x000001c7425cb710 Exception <a 'sun/nio/fs/WindowsException'{0x00000000c41fa9e0}> (0x00000000c41fa9e0) 
thrown [s\src\hotspot\share\prims\jni.cpp, line 516]
Event: 449.870 Thread 0x000001c7425cb710 Exception <a 'sun/nio/fs/WindowsException'{0x00000000c41fad90}> (0x00000000c41fad90) 
thrown [s\src\hotspot\share\prims\jni.cpp, line 516]
Event: 449.871 Thread 0x000001c7425cb710 Exception <a 'sun/nio/fs/WindowsException'{0x00000000c41fbac0}> (0x00000000c41fbac0) 
thrown [s\src\hotspot\share\prims\jni.cpp, line 516]
Event: 449.871 Thread 0x000001c7425cb710 Exception <a 'sun/nio/fs/WindowsException'{0x00000000c41fc1b0}> (0x00000000c41fc1b0) 
thrown [s\src\hotspot\share\prims\jni.cpp, line 516]
Event: 449.871 Thread 0x000001c7425cb710 Exception <a 'sun/nio/fs/WindowsException'{0x00000000c41fc538}> (0x00000000c41fc538) 
thrown [s\src\hotspot\share\prims\jni.cpp, line 516]
Event: 449.871 Thread 0x000001c7425cb710 Exception <a 'sun/nio/fs/WindowsException'{0x00000000c41fd468}> (0x00000000c41fd468) 
thrown [s\src\hotspot\share\prims\jni.cpp, line 516]
Event: 449.871 Thread 0x000001c7425cb710 Exception <a 'sun/nio/fs/WindowsException'{0x00000000c41fd828}> (0x00000000c41fd828) 
thrown [s\src\hotspot\share\prims\jni.cpp, line 516]
Event: 712.034 Thread 0x000001c7425cacf0 Exception <a 'java/lang/NoSuchMethodError'{0x00000000c4a82b60}: 'java.lang.Object java.lang.invoke.DirectMethodHandle$Holder.invokeStatic(java.lang.Object, java.lang.Object, java.lang.Object, java.lang.Object, int)'> (0x00000000c4a82b60) 
thrown [s\src\hotspot\share\interpreter\linkResolver.cpp, line 759]
Event: 715.726 Thread 0x000001c7425cacf0 Exception <a 'java/lang/NoSuchMethodError'{0x00000000c48bf0c0}: 'java.lang.Object java.lang.invoke.Invokers$Holder.linkToTargetMethod(java.lang.Object, int, java.lang.Object, java.lang.Object)'> (0x00000000c48bf0c0) 
thrown [s\src\hotspot\share\interpreter\linkResolver.cpp, line 759]
Event: 769.272 Thread 0x000001c7425c7540 Exception <a 'java/lang/NoSuchMethodError'{0x00000000c3469790}: 'void java.lang.invoke.DirectMethodHandle$Holder.invokeSpecial(java.lang.Object, java.lang.Object, java.lang.Object, int)'> (0x00000000c3469790) 
thrown [s\src\hotspot\share\interpreter\linkResolver.cpp, line 759]
Event: 769.342 Thread 0x000001c7425c7540 Exception <a 'java/lang/NoSuchMethodError'{0x00000000c7708630}: static [Ljava/rmi/server/ObjID;.<clinit>()V> (0x00000000c7708630) 
thrown [s\src\hotspot\share\prims\jni.cpp, line 1107]
Event: 769.349 Thread 0x000001c7425c7540 Exception <a 'java/lang/NoSuchMethodError'{0x00000000c772bda8}: static [B.<clinit>()V> (0x00000000c772bda8) 
thrown [s\src\hotspot\share\prims\jni.cpp, line 1107]
Event: 769.379 Thread 0x000001c7425c8e90 Exception <a 'java/lang/InterruptedException'{0x00000000c774a380}> (0x00000000c774a380) 
thrown [s\src\hotspot\share\runtime\objectMonitor.cpp, line 1658]
Event: 769.380 Thread 0x000001c7425c8e90 Exception <a 'java/lang/NoSuchMethodError'{0x00000000c7752b38}: 'java.lang.Object java.lang.invoke.DirectMethodHandle$Holder.newInvokeSpecial(java.lang.Object, java.lang.Object, int, java.lang.Object, long)'> (0x00000000c7752b38) 
thrown [s\src\hotspot\share\interpreter\linkResolver.cpp, line 759]
Event: 769.419 Thread 0x000001c7425c7540 Exception <a 'java/lang/NoSuchMethodError'{0x00000000c77a1e18}: 'java.lang.Object java.lang.invoke.DirectMethodHandle$Holder.newInvokeSpecial(java.lang.Object, java.lang.Object, java.lang.Object, java.lang.Object, java.lang.Object, java.lang.Object, java.lang.Object, java.lang.Object, java.lang.Object, int)'> (0x00000000c77a1e18) 
thrown [s\src\hotspot\share\interpreter\linkResolver.cpp, line 759]
Event: 769.419 Thread 0x000001c7425c7540 Exception <a 'java/lang/NoSuchMethodError'{0x00000000c77a73b0}: 'java.lang.Object java.lang.invoke.DirectMethodHandle$Holder.invokeSpecial(java.lang.Object, java.lang.Object, java.lang.Object, java.lang.Object, java.lang.Object, java.lang.Object, java.lang.Object, java.lang.Object, java.lang.Object, java.lang.Object, int)'> (0x00000000c77a73b0) 
thrown [s\src\hotspot\share\interpreter\linkResolver.cpp, line 759]
Event: 769.588 Thread 0x000001c7425c7540 Exception <a 'java/lang/NoSuchMethodError'{0x00000000c5744f78}: static [Ljava/lang/String;.<clinit>()V> (0x00000000c5744f78) 
thrown [s\src\hotspot\share\prims\jni.cpp, line 1107]
Event: 779.332 Thread 0x000001c7425c7540 Exception <a 'java/lang/NoSuchMethodError'{0x00000000c50c8118}: static [Ljava/lang/Object;.<clinit>()V> (0x00000000c50c8118) 
thrown [s\src\hotspot\share\prims\jni.cpp, line 1107]
Event: 1069.409 Thread 0x000001c7425c8e90 Exception <a 'java/lang/NoSuchMethodError'{0x00000000c77fcf40}: static [Ljava/rmi/server/ObjID;.<clinit>()V> (0x00000000c77fcf40) 
thrown [s\src\hotspot\share\prims\jni.cpp, line 1107]
Event: 1069.412 Thread 0x000001c7425c8e90 Exception <a 'java/lang/NoSuchMethodError'{0x00000000c5708a98}: static [B.<clinit>()V> (0x00000000c5708a98) 
thrown [s\src\hotspot\share\prims\jni.cpp, line 1107]

VM Operations (20 events):
Event: 987.413 Executing VM operation: G1CollectFull done
Event: 1047.444 Executing VM operation: Cleanup
Event: 1047.444 Executing VM operation: Cleanup done
Event: 1069.480 Executing VM operation: Cleanup
Event: 1069.480 Executing VM operation: Cleanup done
Event: 1082.492 Executing VM operation: Cleanup
Event: 1082.492 Executing VM operation: Cleanup done
Event: 1117.656 Executing VM operation: G1CollectFull
Event: 1117.709 Executing VM operation: G1CollectFull done
Event: 1127.999 Executing VM operation: G1CollectFull
Event: 1128.077 Executing VM operation: G1CollectFull done
Event: 1138.288 Executing VM operation: G1CollectFull
Event: 1138.361 Executing VM operation: G1CollectFull done
Event: 1148.364 Executing VM operation: Cleanup
Event: 1148.364 Executing VM operation: Cleanup done
Event: 1149.364 Executing VM operation: Cleanup
Event: 1149.364 Executing VM operation: Cleanup done
Event: 1178.628 Executing VM operation: G1CollectFull
Event: 1178.673 Executing VM operation: G1CollectFull done
Event: 1191.782 Executing VM operation: G1CollectFull

Events (20 events):
Event: 813.722 loading class sun/rmi/transport/DGCClient$EndpointEntry$CleanRequest
Event: 813.722 loading class sun/rmi/transport/DGCClient$EndpointEntry$CleanRequest done
Event: 823.041 Thread 0x000001c7425cacf0 Thread exited: 0x000001c7425cacf0
Event: 823.042 Thread 0x000001c7425cb200 Thread exited: 0x000001c7425cb200
Event: 823.057 Thread 0x000001c7425ca7e0 Thread exited: 0x000001c7425ca7e0
Event: 823.057 Thread 0x000001c7425cd570 Thread exited: 0x000001c7425cd570
Event: 839.304 Thread 0x000001c7425c7030 Thread exited: 0x000001c7425c7030
Event: 839.762 Thread 0x000001c7425c7f60 Thread exited: 0x000001c7425c7f60
Event: 907.291 Thread 0x000001c74ae99830 Thread added: 0x000001c74ae99830
Event: 907.388 Thread 0x000001c74ae98e10 Thread added: 0x000001c74ae98e10
Event: 907.398 Thread 0x000001c74ae9d4f0 Thread added: 0x000001c74ae9d4f0
Event: 907.398 Thread 0x000001c74ae9c0b0 Thread added: 0x000001c74ae9c0b0
Event: 907.400 Thread 0x000001c74ae9da00 Thread added: 0x000001c74ae9da00
Event: 967.401 Thread 0x000001c74ae99830 Thread exited: 0x000001c74ae99830
Event: 967.420 Thread 0x000001c74ae9d4f0 Thread exited: 0x000001c74ae9d4f0
Event: 967.422 Thread 0x000001c74ae9da00 Thread exited: 0x000001c74ae9da00
Event: 1027.420 Thread 0x000001c74ae98e10 Thread exited: 0x000001c74ae98e10
Event: 1034.575 Thread 0x000001c74ae9cad0 Thread added: 0x000001c74ae9cad0
Event: 1144.753 Thread 0x000001c74ae9cad0 Thread exited: 0x000001c74ae9cad0
Event: 1145.343 Thread 0x000001c74ae9df10 Thread added: 0x000001c74ae9df10


Dynamic libraries:
0x00007ff603e50000 - 0x00007ff603e5e000 	c:\Users\HP\.vscode\extensions\redhat.java-1.29.0-win32-x64\jre\17.0.10-win32-x86_64\bin\java.exe
0x00007ffc99270000 - 0x00007ffc99486000 	C:\WINDOWS\SYSTEM32\ntdll.dll
0x00007ffc97d70000 - 0x00007ffc97e34000 	C:\WINDOWS\System32\KERNEL32.DLL
0x00007ffc968f0000 - 0x00007ffc96c97000 	C:\WINDOWS\System32\KERNELBASE.dll
0x00007ffc966e0000 - 0x00007ffc967f1000 	C:\WINDOWS\System32\ucrtbase.dll
0x00007ffc67c20000 - 0x00007ffc67c37000 	c:\Users\HP\.vscode\extensions\redhat.java-1.29.0-win32-x64\jre\17.0.10-win32-x86_64\bin\jli.dll
0x00007ffc97060000 - 0x00007ffc9720e000 	C:\WINDOWS\System32\USER32.dll
0x00007ffc966b0000 - 0x00007ffc966d6000 	C:\WINDOWS\System32\win32u.dll
0x00007ffc98f30000 - 0x00007ffc98f59000 	C:\WINDOWS\System32\GDI32.dll
0x00007ffc96590000 - 0x00007ffc966a9000 	C:\WINDOWS\System32\gdi32full.dll
0x00007ffc96cd0000 - 0x00007ffc96d6a000 	C:\WINDOWS\System32\msvcp_win.dll
0x00007ffc62830000 - 0x00007ffc6284b000 	c:\Users\HP\.vscode\extensions\redhat.java-1.29.0-win32-x64\jre\17.0.10-win32-x86_64\bin\VCRUNTIME140.dll
0x00007ffc7a700000 - 0x00007ffc7a993000 	C:\WINDOWS\WinSxS\amd64_microsoft.windows.common-controls_6595b64144ccf1df_6.0.22621.3235_none_270f74e173860f98\COMCTL32.dll
0x00007ffc977a0000 - 0x00007ffc97847000 	C:\WINDOWS\System32\msvcrt.dll
0x00007ffc97c10000 - 0x00007ffc97c41000 	C:\WINDOWS\System32\IMM32.DLL
0x00007ffc7e8d0000 - 0x00007ffc7e8dc000 	c:\Users\HP\.vscode\extensions\redhat.java-1.29.0-win32-x64\jre\17.0.10-win32-x86_64\bin\vcruntime140_1.dll
0x00007ffc4bf80000 - 0x00007ffc4c00d000 	c:\Users\HP\.vscode\extensions\redhat.java-1.29.0-win32-x64\jre\17.0.10-win32-x86_64\bin\msvcp140.dll
0x00007ffc49fe0000 - 0x00007ffc4ac42000 	c:\Users\HP\.vscode\extensions\redhat.java-1.29.0-win32-x64\jre\17.0.10-win32-x86_64\bin\server\jvm.dll
0x00007ffc96fa0000 - 0x00007ffc97052000 	C:\WINDOWS\System32\ADVAPI32.dll
0x00007ffc98f60000 - 0x00007ffc99008000 	C:\WINDOWS\System32\sechost.dll
0x00007ffc96ca0000 - 0x00007ffc96cc8000 	C:\WINDOWS\System32\bcrypt.dll
0x00007ffc97c50000 - 0x00007ffc97d65000 	C:\WINDOWS\System32\RPCRT4.dll
0x00007ffc96200000 - 0x00007ffc9624d000 	C:\WINDOWS\SYSTEM32\POWRPROF.dll
0x00007ffc8d960000 - 0x00007ffc8d969000 	C:\WINDOWS\SYSTEM32\WSOCK32.dll
0x00007ffc976a0000 - 0x00007ffc97711000 	C:\WINDOWS\System32\WS2_32.dll
0x00007ffc8d8b0000 - 0x00007ffc8d8e4000 	C:\WINDOWS\SYSTEM32\WINMM.dll
0x00007ffc8f450000 - 0x00007ffc8f45a000 	C:\WINDOWS\SYSTEM32\VERSION.dll
0x00007ffc96000000 - 0x00007ffc96013000 	C:\WINDOWS\SYSTEM32\UMPDC.dll
0x00007ffc955d0000 - 0x00007ffc955e8000 	C:\WINDOWS\SYSTEM32\kernel.appcore.dll
0x00007ffc7e7b0000 - 0x00007ffc7e7ba000 	c:\Users\HP\.vscode\extensions\redhat.java-1.29.0-win32-x64\jre\17.0.10-win32-x86_64\bin\jimage.dll
0x00007ffc93e00000 - 0x00007ffc94033000 	C:\WINDOWS\SYSTEM32\DBGHELP.DLL
0x00007ffc97210000 - 0x00007ffc97598000 	C:\WINDOWS\System32\combase.dll
0x00007ffc98800000 - 0x00007ffc988d7000 	C:\WINDOWS\System32\OLEAUT32.dll
0x00007ffc7c720000 - 0x00007ffc7c752000 	C:\WINDOWS\SYSTEM32\dbgcore.DLL
0x00007ffc96870000 - 0x00007ffc968e9000 	C:\WINDOWS\System32\bcryptPrimitives.dll
0x00007ffc54710000 - 0x00007ffc54735000 	c:\Users\HP\.vscode\extensions\redhat.java-1.29.0-win32-x64\jre\17.0.10-win32-x86_64\bin\java.dll
0x00007ffc62780000 - 0x00007ffc62798000 	c:\Users\HP\.vscode\extensions\redhat.java-1.29.0-win32-x64\jre\17.0.10-win32-x86_64\bin\zip.dll
0x00007ffc97fa0000 - 0x00007ffc987fc000 	C:\WINDOWS\System32\SHELL32.dll
0x00007ffc944b0000 - 0x00007ffc94da9000 	C:\WINDOWS\SYSTEM32\windows.storage.dll
0x00007ffc94360000 - 0x00007ffc9449e000 	C:\WINDOWS\SYSTEM32\wintypes.dll
0x00007ffc975a0000 - 0x00007ffc97693000 	C:\WINDOWS\System32\SHCORE.dll
0x00007ffc97e40000 - 0x00007ffc97e9e000 	C:\WINDOWS\System32\shlwapi.dll
0x00007ffc964c0000 - 0x00007ffc964e1000 	C:\WINDOWS\SYSTEM32\profapi.dll
0x00007ffc70ef0000 - 0x00007ffc70f09000 	C:\Users\HP\.vscode\extensions\redhat.java-1.29.0-win32-x64\jre\17.0.10-win32-x86_64\bin\net.dll
0x00007ffc909f0000 - 0x00007ffc90b26000 	C:\WINDOWS\SYSTEM32\WINHTTP.dll
0x00007ffc95a40000 - 0x00007ffc95aa9000 	C:\WINDOWS\system32\mswsock.dll
0x00007ffc62620000 - 0x00007ffc62636000 	C:\Users\HP\.vscode\extensions\redhat.java-1.29.0-win32-x64\jre\17.0.10-win32-x86_64\bin\nio.dll
0x00007ffc7e580000 - 0x00007ffc7e590000 	c:\Users\HP\.vscode\extensions\redhat.java-1.29.0-win32-x64\jre\17.0.10-win32-x86_64\bin\verify.dll
0x00007ffc95ca0000 - 0x00007ffc95cbb000 	C:\WINDOWS\SYSTEM32\CRYPTSP.dll
0x00007ffc95510000 - 0x00007ffc95545000 	C:\WINDOWS\system32\rsaenh.dll
0x00007ffc95b40000 - 0x00007ffc95b68000 	C:\WINDOWS\SYSTEM32\USERENV.dll
0x00007ffc95cc0000 - 0x00007ffc95ccc000 	C:\WINDOWS\SYSTEM32\CRYPTBASE.dll
0x00007ffc95010000 - 0x00007ffc9503d000 	C:\WINDOWS\SYSTEM32\IPHLPAPI.DLL
0x00007ffc97b60000 - 0x00007ffc97b69000 	C:\WINDOWS\System32\NSI.dll
0x00007ffc8f650000 - 0x00007ffc8f669000 	C:\WINDOWS\SYSTEM32\dhcpcsvc6.DLL
0x00007ffc8f630000 - 0x00007ffc8f64f000 	C:\WINDOWS\SYSTEM32\dhcpcsvc.DLL
0x00007ffc95080000 - 0x00007ffc95179000 	C:\WINDOWS\SYSTEM32\DNSAPI.dll
0x00007ffc90f90000 - 0x00007ffc90f99000 	C:\Users\HP\.vscode\extensions\redhat.java-1.29.0-win32-x64\jre\17.0.10-win32-x86_64\bin\management.dll
0x00007ffc8da40000 - 0x00007ffc8da4b000 	C:\Users\HP\.vscode\extensions\redhat.java-1.29.0-win32-x64\jre\17.0.10-win32-x86_64\bin\management_ext.dll
0x00007ffc97c00000 - 0x00007ffc97c08000 	C:\WINDOWS\System32\PSAPI.DLL
0x00007ffc74040000 - 0x00007ffc7404e000 	C:\Users\HP\.vscode\extensions\redhat.java-1.29.0-win32-x64\jre\17.0.10-win32-x86_64\bin\sunmscapi.dll
0x00007ffc96d70000 - 0x00007ffc96ed7000 	C:\WINDOWS\System32\CRYPT32.dll
0x00007ffc95ed0000 - 0x00007ffc95efe000 	C:\WINDOWS\SYSTEM32\ncrypt.dll
0x00007ffc95e90000 - 0x00007ffc95ec7000 	C:\WINDOWS\SYSTEM32\NTASN1.dll
0x00007ffc8af00000 - 0x00007ffc8af0a000 	C:\Windows\System32\rasadhlp.dll
0x00007ffc8d820000 - 0x00007ffc8d8a3000 	C:\WINDOWS\System32\fwpuclnt.dll
0x00007ffc72950000 - 0x00007ffc72959000 	C:\Users\HP\.vscode\extensions\redhat.java-1.29.0-win32-x64\jre\17.0.10-win32-x86_64\bin\extnet.dll
0x00007ffc724f0000 - 0x00007ffc724f9000 	C:\Users\HP\.vscode\extensions\redhat.java-1.29.0-win32-x64\jre\17.0.10-win32-x86_64\bin\attach.dll
0x00007ffc7bb10000 - 0x00007ffc7bb27000 	C:\WINDOWS\system32\napinsp.dll
0x00007ffc7b2e0000 - 0x00007ffc7b2fb000 	C:\WINDOWS\system32\pnrpnsp.dll
0x00007ffc79000000 - 0x00007ffc79011000 	C:\WINDOWS\System32\winrnr.dll
0x00007ffc78fe0000 - 0x00007ffc78ff5000 	C:\WINDOWS\system32\wshbth.dll
0x00007ffc78fb0000 - 0x00007ffc78fd1000 	C:\WINDOWS\system32\nlansp_c.dll
0x00007ffc4bec0000 - 0x00007ffc4bec7000 	C:\Users\HP\.vscode\extensions\redhat.java-1.29.0-win32-x64\jre\17.0.10-win32-x86_64\bin\rmi.dll

dbghelp: loaded successfully - version: 4.0.5 - missing functions: none
symbol engine: initialized successfully - sym options: 0x614 - pdb path: .;c:\Users\HP\.vscode\extensions\redhat.java-1.29.0-win32-x64\jre\17.0.10-win32-x86_64\bin;C:\WINDOWS\SYSTEM32;C:\WINDOWS\WinSxS\amd64_microsoft.windows.common-controls_6595b64144ccf1df_6.0.22621.3235_none_270f74e173860f98;c:\Users\HP\.vscode\extensions\redhat.java-1.29.0-win32-x64\jre\17.0.10-win32-x86_64\bin\server

VM Arguments:
jvm_args: -XX:+HeapDumpOnOutOfMemoryError -Xmx1024m -Dsts.lsp.client=vscode -Dsts.log.file=/dev/null -XX:TieredStopAtLevel=1 -Xlog:jni+resolve=off -Dspring.config.location=file:c:\Users\HP\.vscode\extensions\vmware.vscode-spring-boot-1.53.0\language-server\BOOT-INF\classes\application.properties 
java_command: org.springframework.ide.vscode.boot.app.BootLanguageServerBootApp
java_class_path (initial): c:\Users\HP\.vscode\extensions\vmware.vscode-spring-boot-1.53.0\language-server\BOOT-INF\classes;c:\Users\HP\.vscode\extensions\vmware.vscode-spring-boot-1.53.0\language-server\BOOT-INF\lib\annotations-24.1.0.jar;c:\Users\HP\.vscode\extensions\vmware.vscode-spring-boot-1.53.0\language-server\BOOT-INF\lib\antlr4-runtime-4.11.1.jar;c:\Users\HP\.vscode\extensions\vmware.vscode-spring-boot-1.53.0\language-server\BOOT-INF\lib\asm-9.6.jar;c:\Users\HP\.vscode\extensions\vmware.vscode-spring-boot-1.53.0\language-server\BOOT-INF\lib\asm-analysis-9.6.jar;c:\Users\HP\.vscode\extensions\vmware.vscode-spring-boot-1.53.0\language-server\BOOT-INF\lib\asm-tree-9.6.jar;c:\Users\HP\.vscode\extensions\vmware.vscode-spring-boot-1.53.0\language-server\BOOT-INF\lib\asm-util-9.6.jar;c:\Users\HP\.vscode\extensions\vmware.vscode-spring-boot-1.53.0\language-server\BOOT-INF\lib\caffeine-3.1.8.jar;c:\Users\HP\.vscode\extensions\vmware.vscode-spring-boot-1.53.0\language-server\BOOT-INF\lib\checker-qual-3.12.0.jar;c:\Users\HP\.vscode\extensions\vmware.vscode-spring-boot-1.53.0\language-server\BOOT-INF\lib\classgraph-4.8.149.jar;c:\Users\HP\.vscode\extensions\vmware.vscode-spring-boot-1.53.0\language-server\BOOT-INF\lib\commons-codec-1.16.1.jar;c:\Users\HP\.vscode\extensions\vmware.vscode-spring-boot-1.53.0\language-server\BOOT-INF\lib\commons-compress-1.26.0.jar;c:\Users\HP\.vscode\extensions\vmware.vscode-spring-boot-1.53.0\language-server\BOOT-INF\lib\commons-io-2.4.jar;c:\Users\HP\.vscode\extensions\vmware.vscode-spring-boot-1.53.0\language-server\BOOT-INF\lib\commons-java-1.53.0-SNAPSHOT.jar;c:\Users\HP\.vscode\extensions\vmware.vscode-spring-boot-1.53.0\language-server\BOOT-INF\lib\commons-lang3-3.13.0.jar;c:\Users\HP\.vscode\extensions\vmware.vscode-spring-boot-1.53.0\language-server\BOOT-INF\lib\commons-language-server-1.53.0-SNAPSHOT.jar;c:\Users\HP\.vscode\extensions\vmware.vscode-spring-boot-1.53.0\language-server\BOOT-INF\lib\commons-lsp-extensions-1.53.0-
Launcher Type: SUN_STANDARD

[Global flags]
     intx CICompilerCount                          = 3                                         {product} {ergonomic}
     uint ConcGCThreads                            = 2                                         {product} {ergonomic}
     uint G1ConcRefinementThreads                  = 6                                         {product} {ergonomic}
   size_t G1HeapRegionSize                         = 1048576                                   {product} {ergonomic}
    uintx GCDrainStackTargetSize                   = 64                                        {product} {ergonomic}
     bool HeapDumpOnOutOfMemoryError               = true                                   {manageable} {command line}
   size_t InitialHeapSize                          = 125829120                                 {product} {ergonomic}
   size_t MarkStackSize                            = 4194304                                   {product} {ergonomic}
   size_t MaxHeapSize                              = 1073741824                                {product} {command line}
   size_t MaxNewSize                               = 643825664                                 {product} {ergonomic}
   size_t MinHeapDeltaBytes                        = 1048576                                   {product} {ergonomic}
   size_t MinHeapSize                              = 8388608                                   {product} {ergonomic}
    uintx NonProfiledCodeHeapSize                  = 0                                      {pd product} {ergonomic}
     bool ProfileInterpreter                       = false                                  {pd product} {command line}
    uintx ProfiledCodeHeapSize                     = 0                                      {pd product} {ergonomic}
   size_t SoftMaxHeapSize                          = 1073741824                             {manageable} {ergonomic}
     intx TieredStopAtLevel                        = 1                                         {product} {command line}
     bool UseCompressedClassPointers               = true                           {product lp64_product} {ergonomic}
     bool UseCompressedOops                        = true                           {product lp64_product} {ergonomic}
     bool UseG1GC                                  = true                                      {product} {ergonomic}
     bool UseLargePagesIndividualAllocation        = false                                  {pd product} {ergonomic}

Logging:
Log output configuration:
 #0: stdout all=warning,jni+resolve=off uptime,level,tags
 #1: stderr all=off uptime,level,tags

Environment Variables:
JAVA_HOME=C:\Program Files\jdk-20.0.2
PATH=C:\Program Files\Common Files\Oracle\Java\javapath;C:\Program Files (x86)\Common Files\Oracle\Java\javapath;C:\WINDOWS\system32;C:\WINDOWS;C:\WINDOWS\System32\Wbem;C:\WINDOWS\System32\WindowsPowerShell\v1.0\;C:\WINDOWS\System32\OpenSSH\;C:\Program Files\Git\cmd;C:\MinGW\bin;C:\Program Files\wkhtmltopdf\bin;C:\Program Files (x86)\Java\jre-1.8\bin;C:\Program Files\jdk-20.0.2\bin;C:\Program Files\MongoDB\Server\7.0\bin;C:\Program Files\nodejs\;C:\Program Files\Amazon\AWSCLIV2\;C:\Program Files\Docker\Docker\resources\bin;C:\Program Files\PowerShell\7\;C:\Users\HP\AppData\Local\Programs\Python\Python312\Scripts\;C:\Users\HP\AppData\Local\Programs\Python\Python312\;C:\Users\HP\AppData\Local\Microsoft\WindowsApps;C:\Program Files\JetBrains\PyCharm Community Edition 2023.1.3\bin;;C:\Program Files\MongoDB\Server\7.0\bin;C:\Users\HP\AppData\Roaming\npm;C:\Program Files\heroku\bin;C:\Users\HP\apache-maven-3.9.6\bin;C:\Program Files\JetBrains\DataGrip 2023.3.4\bin;;C:\Program Files\MySQL\MySQL Server 8.3\bin;C:\Users\HP\AppData\Local\Programs\oh-my-posh\bin;C:\Users\HP\AppData\Local\Programs\Microsoft VS Code\bin;
USERNAME=HP
OS=Windows_NT
PROCESSOR_IDENTIFIER=AMD64 Family 23 Model 96 Stepping 1, AuthenticAMD
TMP=C:\Users\HP\AppData\Local\Temp
TEMP=C:\Users\HP\AppData\Local\Temp



Periodic native trim disabled


---------------  S Y S T E M  ---------------

OS:
 Windows 11 , 64 bit Build 22621 (10.0.22621.3374)
OS uptime: 0 days 14:15 hours
Hyper-V role detected

CPU: total 6 (initial active 6) (6 cores per cpu, 1 threads per core) family 23 model 96 stepping 1 microcode 0x0, cx8, cmov, fxsr, mmx, 3dnowpref, sse, sse2, sse3, ssse3, sse4a, sse4.1, sse4.2, popcnt, lzcnt, tsc, tscinvbit, avx, avx2, aes, clmul, bmi1, bmi2, adx, sha, fma, vzeroupper, clflush, clflushopt, hv
Processor Information for all 6 processors :
  Max Mhz: 2375, Current Mhz: 2375, Mhz Limit: 2375

Memory: 4k page, system-wide physical 7564M (290M free)
TotalPageFile size 18975M (AvailPageFile size 4M)
current process WorkingSet (physical memory assigned to process): 127M, peak: 219M
current process commit charge ("private bytes"): 263M, peak: 271M

vm_info: OpenJDK 64-Bit Server VM (17.0.10+7) for windows-amd64 JRE (17.0.10+7), built on Jan 16 2024 23:25:11 by "admin" with MS VC++ 16.10 / 16.11 (VS2019)

END.
